<?xml version="1.0" encoding="UTF-8"?>
<!-- Generated by org.testng.reporters.JUnitXMLReporter -->
<testsuite hostname="MacBook-Pro-Mike.local" ignored="0" name="Default test" tests="8" failures="0" timestamp="24 апр 2018 19:10:52 GMT" time="0.292" errors="0">
  <testcase name="checkOnTouchCoordinatePlanesTest" time="0.016" classname="com.labutin.task1.action.SphereActionTest"/>
  <testcase name="countAreaTest" time="0.002" classname="com.labutin.task1.action.SphereActionTest"/>
  <testcase name="countVolumeRatioTest" time="0.002" classname="com.labutin.task1.action.SphereActionTest"/>
  <testcase name="countVolumeRatioTestExcepion" time="0.003" classname="com.labutin.task1.action.SphereActionTest"/>
  <testcase name="countVolumeTset" time="0.001" classname="com.labutin.task1.action.SphereActionTest"/>
  <testcase name="pointBuilderTest" time="0.092" classname="com.labutin.task1.factory.BuilderTest"/>
  <testcase name="sphereBuilderTest" time="0.003" classname="com.labutin.task1.factory.BuilderTest"/>
  <testcase name="testSphereData" time="0.115" classname="com.labutin.task1.reader.DataManagerTest"/>
</testsuite> <!-- Default test -->
